c:\b3-interactivecg-2\impressionist\impressionist\debug\vc143.pdb
c:\b3-interactivecg-2\impressionist\impressionist\debug\vc143.idb
c:\b3-interactivecg-2\impressionist\impressionist\debug\trianglebrush.obj
c:\b3-interactivecg-2\impressionist\impressionist\debug\scatteredpointbrush.obj
c:\b3-interactivecg-2\impressionist\impressionist\debug\scatteredmosaicbrush.obj
c:\b3-interactivecg-2\impressionist\impressionist\debug\scatteredcirclebrush.obj
c:\b3-interactivecg-2\impressionist\impressionist\debug\pointbrush.obj
c:\b3-interactivecg-2\impressionist\impressionist\debug\paintview.obj
c:\b3-interactivecg-2\impressionist\impressionist\debug\originalview.obj
c:\b3-interactivecg-2\impressionist\impressionist\debug\linebrush.obj
c:\b3-interactivecg-2\impressionist\impressionist\debug\impressionistui.obj
c:\b3-interactivecg-2\impressionist\impressionist\debug\impressionistdoc.obj
c:\b3-interactivecg-2\impressionist\impressionist\debug\impressionist.obj
c:\b3-interactivecg-2\impressionist\impressionist\debug\impbrush.obj
c:\b3-interactivecg-2\impressionist\impressionist\debug\fltdesignui.obj
c:\b3-interactivecg-2\impressionist\impressionist\debug\circlebrush.obj
c:\b3-interactivecg-2\impressionist\impressionist\debug\bitmap.obj
c:\b3-interactivecg-2\impressionist\impressionist\debug\impressionist.ilk
c:\b3-interactivecg-2\impressionist\debug\impressionist.exe
c:\b3-interactivecg-2\impressionist\debug\impressionist.pdb
c:\b3-interactivecg-2\impressionist\impressionist\debug\impressionist.tlog\cl.command.1.tlog
c:\b3-interactivecg-2\impressionist\impressionist\debug\impressionist.tlog\cl.read.1.tlog
c:\b3-interactivecg-2\impressionist\impressionist\debug\impressionist.tlog\cl.write.1.tlog
c:\b3-interactivecg-2\impressionist\impressionist\debug\impressionist.tlog\link.command.1.tlog
c:\b3-interactivecg-2\impressionist\impressionist\debug\impressionist.tlog\link.read.1.tlog
c:\b3-interactivecg-2\impressionist\impressionist\debug\impressionist.tlog\link.write.1.tlog
